0 info it worked if it ends with ok
1 verbose cli [ '/usr/bin/nodejs',
1 verbose cli   '/usr/bin/npm',
1 verbose cli   'install',
1 verbose cli   '-g',
1 verbose cli   'http-server' ]
2 info using npm@1.3.10
3 info using node@v0.10.25
4 verbose cache add [ 'http-server', null ]
5 verbose cache add name=undefined spec="http-server" args=["http-server",null]
6 verbose parsed url { protocol: null,
6 verbose parsed url   slashes: null,
6 verbose parsed url   auth: null,
6 verbose parsed url   host: null,
6 verbose parsed url   port: null,
6 verbose parsed url   hostname: null,
6 verbose parsed url   hash: null,
6 verbose parsed url   search: null,
6 verbose parsed url   query: null,
6 verbose parsed url   pathname: 'http-server',
6 verbose parsed url   path: 'http-server',
6 verbose parsed url   href: 'http-server' }
7 silly lockFile ed608307-http-server http-server
8 verbose lock http-server /home/mnyamezeli/.npm/ed608307-http-server.lock
9 silly lockFile ed608307-http-server http-server
10 silly lockFile ed608307-http-server http-server
11 verbose addNamed [ 'http-server', '' ]
12 verbose addNamed [ null, '*' ]
13 silly lockFile 550353c6-http-server http-server@
14 verbose lock http-server@ /home/mnyamezeli/.npm/550353c6-http-server.lock
15 silly addNameRange { name: 'http-server', range: '*', hasData: false }
16 verbose url raw http-server
17 verbose url resolving [ 'https://registry.npmjs.org/', './http-server' ]
18 verbose url resolved https://registry.npmjs.org/http-server
19 info trying registry request attempt 1 at 16:08:04
20 http GET https://registry.npmjs.org/http-server
21 http 200 https://registry.npmjs.org/http-server
22 silly registry.get cb [ 200,
22 silly registry.get   { server: 'CouchDB/1.5.0 (Erlang OTP/R16B03)',
22 silly registry.get     etag: '"9BYGVF9UCNNDQB9USS3TEPQMS"',
22 silly registry.get     'content-type': 'application/json',
22 silly registry.get     'cache-control': 'max-age=60',
22 silly registry.get     'content-length': '55589',
22 silly registry.get     'accept-ranges': 'bytes',
22 silly registry.get     date: 'Fri, 27 Nov 2015 14:08:06 GMT',
22 silly registry.get     via: '1.1 varnish',
22 silly registry.get     age: '0',
22 silly registry.get     connection: 'keep-alive',
22 silly registry.get     'x-served-by': 'cache-ams4138-AMS',
22 silly registry.get     'x-cache': 'HIT',
22 silly registry.get     'x-cache-hits': '1',
22 silly registry.get     'x-timer': 'S1448633285.979894,VS0,VE672',
22 silly registry.get     vary: 'Accept' } ]
23 silly addNameRange number 2 { name: 'http-server', range: '*', hasData: true }
24 silly addNameRange versions [ 'http-server',
24 silly addNameRange   [ '0.1.0',
24 silly addNameRange     '0.1.1',
24 silly addNameRange     '0.1.3',
24 silly addNameRange     '0.2.1',
24 silly addNameRange     '0.2.2',
24 silly addNameRange     '0.2.3',
24 silly addNameRange     '0.2.4',
24 silly addNameRange     '0.2.5',
24 silly addNameRange     '0.2.6',
24 silly addNameRange     '0.2.9',
24 silly addNameRange     '0.3.0',
24 silly addNameRange     '0.4.0',
24 silly addNameRange     '0.4.1',
24 silly addNameRange     '0.5.0',
24 silly addNameRange     '0.5.1',
24 silly addNameRange     '0.5.2',
24 silly addNameRange     '0.5.3',
24 silly addNameRange     '0.5.5',
24 silly addNameRange     '0.6.0',
24 silly addNameRange     '0.6.1',
24 silly addNameRange     '0.7.0',
24 silly addNameRange     '0.7.1',
24 silly addNameRange     '0.7.2',
24 silly addNameRange     '0.7.3',
24 silly addNameRange     '0.7.4',
24 silly addNameRange     '0.7.5',
24 silly addNameRange     '0.8.0',
24 silly addNameRange     '0.8.1',
24 silly addNameRange     '0.8.2',
24 silly addNameRange     '0.8.3',
24 silly addNameRange     '0.8.4',
24 silly addNameRange     '0.8.5' ] ]
25 verbose addNamed [ 'http-server', '0.8.5' ]
26 verbose addNamed [ '0.8.5', '0.8.5' ]
27 silly lockFile 7b3268f0-http-server-0-8-5 http-server@0.8.5
28 verbose lock http-server@0.8.5 /home/mnyamezeli/.npm/7b3268f0-http-server-0-8-5.lock
29 silly lockFile a3e53ddf-ttp-server-http-server-0-8-5-tgz https://registry.npmjs.org/http-server/-/http-server-0.8.5.tgz
30 verbose lock https://registry.npmjs.org/http-server/-/http-server-0.8.5.tgz /home/mnyamezeli/.npm/a3e53ddf-ttp-server-http-server-0-8-5-tgz.lock
31 verbose addRemoteTarball [ 'https://registry.npmjs.org/http-server/-/http-server-0.8.5.tgz',
31 verbose addRemoteTarball   'bbf27c9f09499e51a1fe1f979a6f39a45a04f2fb' ]
32 info retry fetch attempt 1 at 16:08:06
33 verbose fetch to= /home/mnyamezeli/tmp/npm-7304-ulXuwGgu/1448633286851-0.05729351774789393/tmp.tgz
34 http GET https://registry.npmjs.org/http-server/-/http-server-0.8.5.tgz
35 http 200 https://registry.npmjs.org/http-server/-/http-server-0.8.5.tgz
36 verbose tar unpack /home/mnyamezeli/tmp/npm-7304-ulXuwGgu/1448633286851-0.05729351774789393/tmp.tgz
37 silly lockFile 936b3bf4-6851-0-05729351774789393-package tar:///home/mnyamezeli/tmp/npm-7304-ulXuwGgu/1448633286851-0.05729351774789393/package
38 verbose lock tar:///home/mnyamezeli/tmp/npm-7304-ulXuwGgu/1448633286851-0.05729351774789393/package /home/mnyamezeli/.npm/936b3bf4-6851-0-05729351774789393-package.lock
39 silly lockFile 14c4662b-6851-0-05729351774789393-tmp-tgz tar:///home/mnyamezeli/tmp/npm-7304-ulXuwGgu/1448633286851-0.05729351774789393/tmp.tgz
40 verbose lock tar:///home/mnyamezeli/tmp/npm-7304-ulXuwGgu/1448633286851-0.05729351774789393/tmp.tgz /home/mnyamezeli/.npm/14c4662b-6851-0-05729351774789393-tmp-tgz.lock
41 silly gunzTarPerm modes [ '755', '644' ]
42 silly gunzTarPerm extractEntry package.json
43 silly gunzTarPerm extractEntry .npmignore
44 silly gunzTarPerm extractEntry README.md
45 silly gunzTarPerm extractEntry LICENSE
46 silly gunzTarPerm extractEntry lib/http-server.js
47 silly gunzTarPerm extractEntry bin/http-server
48 silly gunzTarPerm extractEntry screenshots/directory.png
49 silly gunzTarPerm extractEntry screenshots/public.png
50 silly gunzTarPerm extractEntry screenshots/start.png
51 silly gunzTarPerm extractEntry .travis.yml
52 silly gunzTarPerm extractEntry public/404.html
53 silly gunzTarPerm extractEntry public/img/turtle.png
54 silly gunzTarPerm extractEntry public/index.html
55 silly gunzTarPerm extractEntry test/http-server-test.js
56 silly gunzTarPerm extractEntry test/fixtures/root/canYouSeeMe
57 silly gunzTarPerm extractEntry test/fixtures/root/file
58 silly lockFile 936b3bf4-6851-0-05729351774789393-package tar:///home/mnyamezeli/tmp/npm-7304-ulXuwGgu/1448633286851-0.05729351774789393/package
59 silly lockFile 936b3bf4-6851-0-05729351774789393-package tar:///home/mnyamezeli/tmp/npm-7304-ulXuwGgu/1448633286851-0.05729351774789393/package
60 silly lockFile 14c4662b-6851-0-05729351774789393-tmp-tgz tar:///home/mnyamezeli/tmp/npm-7304-ulXuwGgu/1448633286851-0.05729351774789393/tmp.tgz
61 silly lockFile 14c4662b-6851-0-05729351774789393-tmp-tgz tar:///home/mnyamezeli/tmp/npm-7304-ulXuwGgu/1448633286851-0.05729351774789393/tmp.tgz
62 verbose tar pack [ '/home/mnyamezeli/.npm/http-server/0.8.5/package.tgz',
62 verbose tar pack   '/home/mnyamezeli/tmp/npm-7304-ulXuwGgu/1448633286851-0.05729351774789393/package' ]
63 verbose tarball /home/mnyamezeli/.npm/http-server/0.8.5/package.tgz
64 verbose folder /home/mnyamezeli/tmp/npm-7304-ulXuwGgu/1448633286851-0.05729351774789393/package
65 silly lockFile 936b3bf4-6851-0-05729351774789393-package tar:///home/mnyamezeli/tmp/npm-7304-ulXuwGgu/1448633286851-0.05729351774789393/package
66 verbose lock tar:///home/mnyamezeli/tmp/npm-7304-ulXuwGgu/1448633286851-0.05729351774789393/package /home/mnyamezeli/.npm/936b3bf4-6851-0-05729351774789393-package.lock
67 silly lockFile fd51d910-pm-http-server-0-8-5-package-tgz tar:///home/mnyamezeli/.npm/http-server/0.8.5/package.tgz
68 verbose lock tar:///home/mnyamezeli/.npm/http-server/0.8.5/package.tgz /home/mnyamezeli/.npm/fd51d910-pm-http-server-0-8-5-package-tgz.lock
69 silly lockFile 936b3bf4-6851-0-05729351774789393-package tar:///home/mnyamezeli/tmp/npm-7304-ulXuwGgu/1448633286851-0.05729351774789393/package
70 silly lockFile 936b3bf4-6851-0-05729351774789393-package tar:///home/mnyamezeli/tmp/npm-7304-ulXuwGgu/1448633286851-0.05729351774789393/package
71 silly lockFile fd51d910-pm-http-server-0-8-5-package-tgz tar:///home/mnyamezeli/.npm/http-server/0.8.5/package.tgz
72 silly lockFile fd51d910-pm-http-server-0-8-5-package-tgz tar:///home/mnyamezeli/.npm/http-server/0.8.5/package.tgz
73 silly lockFile 5cc4ae2a-li-npm-http-server-0-8-5-package /home/mnyamezeli/.npm/http-server/0.8.5/package
74 verbose lock /home/mnyamezeli/.npm/http-server/0.8.5/package /home/mnyamezeli/.npm/5cc4ae2a-li-npm-http-server-0-8-5-package.lock
75 silly lockFile 5cc4ae2a-li-npm-http-server-0-8-5-package /home/mnyamezeli/.npm/http-server/0.8.5/package
76 silly lockFile 5cc4ae2a-li-npm-http-server-0-8-5-package /home/mnyamezeli/.npm/http-server/0.8.5/package
77 verbose tar unpack /home/mnyamezeli/.npm/http-server/0.8.5/package.tgz
78 silly lockFile e30befe2-li-npm-http-server-0-8-5-package tar:///home/mnyamezeli/.npm/http-server/0.8.5/package
79 verbose lock tar:///home/mnyamezeli/.npm/http-server/0.8.5/package /home/mnyamezeli/.npm/e30befe2-li-npm-http-server-0-8-5-package.lock
80 silly lockFile fd51d910-pm-http-server-0-8-5-package-tgz tar:///home/mnyamezeli/.npm/http-server/0.8.5/package.tgz
81 verbose lock tar:///home/mnyamezeli/.npm/http-server/0.8.5/package.tgz /home/mnyamezeli/.npm/fd51d910-pm-http-server-0-8-5-package-tgz.lock
82 silly gunzTarPerm modes [ '755', '644' ]
83 silly gunzTarPerm extractEntry package.json
84 silly gunzTarPerm extractEntry .npmignore
85 silly gunzTarPerm extractEntry README.md
86 silly gunzTarPerm extractEntry LICENSE
87 silly gunzTarPerm extractEntry .travis.yml
88 silly gunzTarPerm extractEntry bin/http-server
89 silly gunzTarPerm extractEntry lib/http-server.js
90 silly gunzTarPerm extractEntry public/404.html
91 silly gunzTarPerm extractEntry public/img/turtle.png
92 silly gunzTarPerm extractEntry public/index.html
93 silly gunzTarPerm extractEntry screenshots/directory.png
94 silly gunzTarPerm extractEntry screenshots/public.png
95 silly gunzTarPerm extractEntry screenshots/start.png
96 silly gunzTarPerm extractEntry test/http-server-test.js
97 silly gunzTarPerm extractEntry test/fixtures/root/canYouSeeMe
98 silly gunzTarPerm extractEntry test/fixtures/root/file
99 silly lockFile e30befe2-li-npm-http-server-0-8-5-package tar:///home/mnyamezeli/.npm/http-server/0.8.5/package
100 silly lockFile e30befe2-li-npm-http-server-0-8-5-package tar:///home/mnyamezeli/.npm/http-server/0.8.5/package
101 silly lockFile fd51d910-pm-http-server-0-8-5-package-tgz tar:///home/mnyamezeli/.npm/http-server/0.8.5/package.tgz
102 silly lockFile fd51d910-pm-http-server-0-8-5-package-tgz tar:///home/mnyamezeli/.npm/http-server/0.8.5/package.tgz
103 verbose chmod /home/mnyamezeli/.npm/http-server/0.8.5/package.tgz 644
104 verbose chown /home/mnyamezeli/.npm/http-server/0.8.5/package.tgz [ 1002, 1002 ]
105 silly lockFile a3e53ddf-ttp-server-http-server-0-8-5-tgz https://registry.npmjs.org/http-server/-/http-server-0.8.5.tgz
106 silly lockFile a3e53ddf-ttp-server-http-server-0-8-5-tgz https://registry.npmjs.org/http-server/-/http-server-0.8.5.tgz
107 silly lockFile 7b3268f0-http-server-0-8-5 http-server@0.8.5
108 silly lockFile 7b3268f0-http-server-0-8-5 http-server@0.8.5
109 silly lockFile 550353c6-http-server http-server@
110 silly lockFile 550353c6-http-server http-server@
111 silly resolved [ { name: 'http-server',
111 silly resolved     version: '0.8.5',
111 silly resolved     description: 'A simple zero-configuration command-line http server',
111 silly resolved     main: './lib/http-server',
111 silly resolved     repository:
111 silly resolved      { type: 'git',
111 silly resolved        url: 'git://github.com/indexzero/http-server.git' },
111 silly resolved     keywords: [ 'cli', 'command' ],
111 silly resolved     scripts:
111 silly resolved      { start: 'node ./bin/http-server',
111 silly resolved        pretest: 'common bin/http-server lib/ test',
111 silly resolved        test: 'vows --spec --isolate' },
111 silly resolved     contributors:
111 silly resolved      [ [Object],
111 silly resolved        [Object],
111 silly resolved        [Object],
111 silly resolved        [Object],
111 silly resolved        [Object],
111 silly resolved        [Object],
111 silly resolved        [Object],
111 silly resolved        [Object],
111 silly resolved        [Object],
111 silly resolved        [Object] ],
111 silly resolved     dependencies:
111 silly resolved      { colors: '1.0.3',
111 silly resolved        optimist: '0.6.x',
111 silly resolved        union: '~0.4.3',
111 silly resolved        ecstatic: '~0.7.0',
111 silly resolved        'http-proxy': '^1.8.1',
111 silly resolved        portfinder: '0.4.x',
111 silly resolved        opener: '~1.4.0',
111 silly resolved        corser: '~2.0.0' },
111 silly resolved     devDependencies: { 'common-style': '^3.0.0', request: '2.49.x', vows: '0.7.x' },
111 silly resolved     bugs: { url: 'https://github.com/nodeapps/http-server/issues' },
111 silly resolved     license: 'MIT',
111 silly resolved     preferGlobal: 'true',
111 silly resolved     bin: { 'http-server': './bin/http-server', hs: './bin/http-server' },
111 silly resolved     readme: '# http-server: a command-line http server\n\n`http-server` is a simple, zero-configuration command-line http server.  It is powerful enough for production usage, but it\'s simple and hackable enough to be used for testing, local development, and learning.\n\n![](https://github.com/nodeapps/http-server/raw/master/screenshots/public.png)\n\n# Installing globally:\n\nInstallation via `npm`.  If you don\'t have `npm` yet:\n\n     curl https://npmjs.org/install.sh | sh\n\nOnce you have `npm`:\n\n     npm install http-server -g\n\nThis will install `http-server` globally so that it may be run from the command line.\n\n## Usage:\n\n     http-server [path] [options]\n\n`[path]` defaults to `./public` if the folder exists, and `./` otherwise.\n\n# Installing as a node app\n\n     mkdir myapp\n     cd myapp/\n     jitsu install http-server\n\n*If you do not have `jitsu` installed you can install it via `npm install jitsu -g`*\n\n## Usage\n\n### Starting http-server locally\n\n     node bin/http-server\n\n*Now you can visit http://localhost:8080 to view your server*\n\n### Deploy http-server to nodejitsu\n\n     jitsu deploy\n\n*You will now be prompted for a `subdomain` to deploy your application on*\n\n## Available Options:\n\n`-p` Port to use (defaults to 8080)\n\n`-a` Address to use (defaults to 0.0.0.0)\n\n`-d` Show directory listings (defaults to \'True\')\n\n`-i` Display autoIndex (defaults to \'True\')\n\n`-e` or `--ext` Default file extension if none supplied (defaults to \'html\')\n\n`-s` or `--silent` Suppress log messages from output\n\n`--cors` Enable CORS via the `Access-Control-Allow-Origin` header\n\n`-o` Open browser window after staring the server\n\n`-c` Set cache time (in seconds) for cache-control max-age header, e.g. -c10 for 10 seconds (defaults to \'3600\'). To disable caching, use -c-1.\n\n`-P` or `--proxy` Proxies all requests which can\'t be resolved locally to the given url. e.g.: -P http://someurl.com\n\n`-S` or `--ssl` Enable https.\n\n`-C` or `--cert` Path to ssl cert file (default: cert.pem).\n\n`-K` or `--key` Path to ssl key file (default: key.pem).\n\n`-r` or `--robots` Provide a /robots.txt (whose content defaults to \'User-agent: *\\nDisallow: /\')\n\n`-h` or `--help` Print this list and exit.\n',
111 silly resolved     readmeFilename: 'README.md',
111 silly resolved     _id: 'http-server@0.8.5',
111 silly resolved     dist: { shasum: '10feaca67de8844882ef71e516412b21a53dcd3b' },
111 silly resolved     _from: 'http-server@',
111 silly resolved     _resolved: 'https://registry.npmjs.org/http-server/-/http-server-0.8.5.tgz' } ]
112 info install http-server@0.8.5 into /usr/local/lib
113 info installOne http-server@0.8.5
114 info /usr/local/lib/node_modules/http-server unbuild
115 verbose tar unpack /home/mnyamezeli/.npm/http-server/0.8.5/package.tgz
116 silly lockFile c2cc12bc-cal-lib-node-modules-http-server tar:///usr/local/lib/node_modules/http-server
117 verbose lock tar:///usr/local/lib/node_modules/http-server /home/mnyamezeli/.npm/c2cc12bc-cal-lib-node-modules-http-server.lock
118 silly lockFile fd51d910-pm-http-server-0-8-5-package-tgz tar:///home/mnyamezeli/.npm/http-server/0.8.5/package.tgz
119 verbose lock tar:///home/mnyamezeli/.npm/http-server/0.8.5/package.tgz /home/mnyamezeli/.npm/fd51d910-pm-http-server-0-8-5-package-tgz.lock
120 silly gunzTarPerm modes [ '755', '644' ]
121 error Error: EACCES, mkdir '/usr/local/lib/node_modules/http-server'
121 error  { [Error: EACCES, mkdir '/usr/local/lib/node_modules/http-server']
121 error   errno: 3,
121 error   code: 'EACCES',
121 error   path: '/usr/local/lib/node_modules/http-server',
121 error   fstream_type: 'Directory',
121 error   fstream_path: '/usr/local/lib/node_modules/http-server',
121 error   fstream_class: 'DirWriter',
121 error   fstream_stack:
121 error    [ '/usr/lib/nodejs/fstream/lib/dir-writer.js:36:23',
121 error      '/usr/lib/nodejs/mkdirp/index.js:37:53',
121 error      'Object.oncomplete (fs.js:107:15)' ] }
122 error Please try running this command again as root/Administrator.
123 error System Linux 3.13.0-62-generic
124 error command "/usr/bin/nodejs" "/usr/bin/npm" "install" "-g" "http-server"
125 error cwd /home/mnyamezeli/Desktop/Projects/geolocation
126 error node -v v0.10.25
127 error npm -v 1.3.10
128 error path /usr/local/lib/node_modules/http-server
129 error fstream_path /usr/local/lib/node_modules/http-server
130 error fstream_type Directory
131 error fstream_class DirWriter
132 error code EACCES
133 error errno 3
134 error stack Error: EACCES, mkdir '/usr/local/lib/node_modules/http-server'
135 error fstream_stack /usr/lib/nodejs/fstream/lib/dir-writer.js:36:23
135 error fstream_stack /usr/lib/nodejs/mkdirp/index.js:37:53
135 error fstream_stack Object.oncomplete (fs.js:107:15)
136 verbose exit [ 3, true ]
